
Engine.o:     file format elf32-avr


Disassembly of section .text:

00000000 <gz_engine_init>:
   0:	90 93 00 00 	sts	0x0000, r25
   4:	80 93 00 00 	sts	0x0000, r24
   8:	70 93 00 00 	sts	0x0000, r23
   c:	60 93 00 00 	sts	0x0000, r22
  10:	50 93 00 00 	sts	0x0000, r21
  14:	40 93 00 00 	sts	0x0000, r20
  18:	80 e0       	ldi	r24, 0x00	; 0
  1a:	90 e0       	ldi	r25, 0x00	; 0
  1c:	08 95       	ret

0000001e <gz_engine_run>:
  1e:	af 92       	push	r10
  20:	bf 92       	push	r11
  22:	cf 92       	push	r12
  24:	df 92       	push	r13
  26:	ef 92       	push	r14
  28:	ff 92       	push	r15
  2a:	0f 93       	push	r16
  2c:	1f 93       	push	r17
  2e:	cf 93       	push	r28
  30:	df 93       	push	r29
  32:	00 e0       	ldi	r16, 0x00	; 0
  34:	a1 2c       	mov	r10, r1
  36:	b1 2c       	mov	r11, r1
  38:	10 e0       	ldi	r17, 0x00	; 0
  3a:	e0 91 00 00 	lds	r30, 0x0000
  3e:	f0 91 00 00 	lds	r31, 0x0000
  42:	09 95       	icall
  44:	82 30       	cpi	r24, 0x02	; 2
  46:	01 f0       	breq	.+0      	; 0x48 <gz_engine_run+0x2a>
  48:	00 f4       	brcc	.+0      	; 0x4a <gz_engine_run+0x2c>
  4a:	88 23       	and	r24, r24
  4c:	01 f4       	brne	.+0      	; 0x4e <gz_engine_run+0x30>
  4e:	00 c0       	rjmp	.+0      	; 0x50 <gz_engine_run+0x32>
  50:	81 30       	cpi	r24, 0x01	; 1
  52:	01 f4       	brne	.+0      	; 0x54 <gz_engine_run+0x36>
  54:	e0 91 00 00 	lds	r30, 0x0000
  58:	f0 91 00 00 	lds	r31, 0x0000
  5c:	09 95       	icall
  5e:	18 2f       	mov	r17, r24
  60:	00 c0       	rjmp	.+0      	; 0x62 <gz_engine_run+0x44>
  62:	83 30       	cpi	r24, 0x03	; 3
  64:	01 f0       	breq	.+0      	; 0x66 <gz_engine_run+0x48>
  66:	84 30       	cpi	r24, 0x04	; 4
  68:	01 f4       	brne	.+0      	; 0x6a <gz_engine_run+0x4c>
  6a:	e0 91 00 00 	lds	r30, 0x0000
  6e:	f0 91 00 00 	lds	r31, 0x0000
  72:	09 95       	icall
  74:	c8 2f       	mov	r28, r24
  76:	e0 91 00 00 	lds	r30, 0x0000
  7a:	f0 91 00 00 	lds	r31, 0x0000
  7e:	09 95       	icall
  80:	d8 2f       	mov	r29, r24
  82:	0e 94 00 00 	call	0	; 0x0 <gz_engine_init>
  86:	ec 2f       	mov	r30, r28
  88:	f0 e0       	ldi	r31, 0x00	; 0
  8a:	fd 2b       	or	r31, r29
  8c:	6b 01       	movw	r12, r22
  8e:	7c 01       	movw	r14, r24
  90:	ce 0e       	add	r12, r30
  92:	df 1e       	adc	r13, r31
  94:	e1 1c       	adc	r14, r1
  96:	f1 1c       	adc	r15, r1
  98:	00 c0       	rjmp	.+0      	; 0x9a <gz_engine_run+0x7c>
  9a:	e0 91 00 00 	lds	r30, 0x0000
  9e:	f0 91 00 00 	lds	r31, 0x0000
  a2:	09 95       	icall
  a4:	b8 2e       	mov	r11, r24
  a6:	e0 91 00 00 	lds	r30, 0x0000
  aa:	f0 91 00 00 	lds	r31, 0x0000
  ae:	09 95       	icall
  b0:	a8 2e       	mov	r10, r24
  b2:	e0 91 00 00 	lds	r30, 0x0000
  b6:	f0 91 00 00 	lds	r31, 0x0000
  ba:	09 95       	icall
  bc:	08 2f       	mov	r16, r24
  be:	00 c0       	rjmp	.+0      	; 0xc0 <gz_engine_run+0xa2>
  c0:	c0 e0       	ldi	r28, 0x00	; 0
  c2:	d0 e0       	ldi	r29, 0x00	; 0
  c4:	c1 17       	cp	r28, r17
  c6:	00 f4       	brcc	.+0      	; 0xc8 <gz_engine_run+0xaa>
  c8:	e0 91 00 00 	lds	r30, 0x0000
  cc:	f0 91 00 00 	lds	r31, 0x0000
  d0:	20 2f       	mov	r18, r16
  d2:	4a 2d       	mov	r20, r10
  d4:	6b 2d       	mov	r22, r11
  d6:	ce 01       	movw	r24, r28
  d8:	09 95       	icall
  da:	21 96       	adiw	r28, 0x01	; 1
  dc:	00 c0       	rjmp	.+0      	; 0xde <gz_engine_run+0xc0>
  de:	e0 91 00 00 	lds	r30, 0x0000
  e2:	f0 91 00 00 	lds	r31, 0x0000
  e6:	09 95       	icall
  e8:	00 c0       	rjmp	.+0      	; 0xea <gz_engine_run+0xcc>
  ea:	0e 94 00 00 	call	0	; 0x0 <gz_engine_init>
  ee:	6c 15       	cp	r22, r12
  f0:	7d 05       	cpc	r23, r13
  f2:	8e 05       	cpc	r24, r14
  f4:	9f 05       	cpc	r25, r15
  f6:	00 f0       	brcs	.+0      	; 0xf8 <gz_engine_run+0xda>
  f8:	00 c0       	rjmp	.+0      	; 0xfa <gz_engine_run+0xdc>
  fa:	80 e0       	ldi	r24, 0x00	; 0
  fc:	90 e0       	ldi	r25, 0x00	; 0
  fe:	df 91       	pop	r29
 100:	cf 91       	pop	r28
 102:	1f 91       	pop	r17
 104:	0f 91       	pop	r16
 106:	ff 90       	pop	r15
 108:	ef 90       	pop	r14
 10a:	df 90       	pop	r13
 10c:	cf 90       	pop	r12
 10e:	bf 90       	pop	r11
 110:	af 90       	pop	r10
 112:	08 95       	ret
